#
# There is insufficient memory for the Java Runtime Environment to continue.
# Native memory allocation (mmap) failed to map 65536 bytes for Failed to commit metaspace.
# Possible reasons:
#   The system is out of physical RAM or swap space
#   The process is running with CompressedOops enabled, and the Java Heap may be blocking the growth of the native heap
# Possible solutions:
#   Reduce memory load on the system
#   Increase physical memory or swap space
#   Check if swap backing store is full
#   Decrease Java heap size (-Xmx/-Xms)
#   Decrease number of Java threads
#   Decrease Java thread stack sizes (-Xss)
#   Set larger code cache with -XX:ReservedCodeCacheSize=
#   JVM is running with Unscaled Compressed Oops mode in which the Java heap is
#     placed in the first 4GB address space. The Java Heap base address is the
#     maximum limit for the native heap growth. Please use -XX:HeapBaseMinAddress
#     to set the Java Heap base and to place the Java Heap above 4GB virtual address.
# This output file may be truncated or incomplete.
#
#  Out of Memory Error (virtualSpaceNode.cpp:110), pid=6196, tid=14628
#
# JRE version: OpenJDK Runtime Environment Temurin-17.0.8.1+1 (17.0.8.1+1) (build 17.0.8.1+1)
# Java VM: OpenJDK 64-Bit Server VM Temurin-17.0.8.1+1 (17.0.8.1+1, mixed mode, tiered, compressed oops, compressed class ptrs, parallel gc, windows-amd64)
# No core dump will be written. Minidumps are not enabled by default on client versions of Windows
#

---------------  S U M M A R Y ------------

Command Line: --add-modules=ALL-SYSTEM --add-opens=java.base/java.util=ALL-UNNAMED --add-opens=java.base/java.lang=ALL-UNNAMED --add-opens=java.base/sun.nio.fs=ALL-UNNAMED -Declipse.application=org.eclipse.jdt.ls.core.id1 -Dosgi.bundles.defaultStartLevel=4 -Declipse.product=org.eclipse.jdt.ls.core.product -Djava.import.generatesMetadataFilesAtProjectRoot=false -DDetectVMInstallationsJob.disabled=true -Dfile.encoding=utf8 -XX:+UseParallelGC -XX:GCTimeRatio=4 -XX:AdaptiveSizePolicyWeight=90 -Dsun.zip.disableMemoryMapping=true -Xmx1G -Xms100m -Xlog:disable -javaagent:c:\Users\Kamaldeep\.vscode\extensions\redhat.java-1.24.0-win32-x64\lombok\lombok-1.18.30.jar c:\Users\Kamaldeep\.vscode\extensions\redhat.java-1.24.0-win32-x64\server\plugins\org.eclipse.equinox.launcher_1.6.500.v20230717-2134.jar -configuration c:\Users\Kamaldeep\AppData\Roaming\Code\User\globalStorage\redhat.java\1.24.0\config_ss_win -data c:\Users\Kamaldeep\AppData\Roaming\Code\User\workspaceStorage\7a84c72fcfc3e054c395fb77f0bf97e7\redhat.java\ss_ws --stdio

Host: Intel(R) Core(TM) i7-4610M CPU @ 3.00GHz, 4 cores, 15G,  Windows 10 , 64 bit Build 19041 (10.0.19041.3636)
Time: Tue Nov 28 11:41:20 2023 India Standard Time elapsed time: 2.929018 seconds (0d 0h 0m 2s)

---------------  T H R E A D  ---------------

Current thread (0x000001bc60a83900):  JavaThread "Start Level: Equinox Container: 8044a809-a854-4b79-90ed-c4e01cf9c1f6" daemon [_thread_in_vm, id=14628, stack(0x0000006af1800000,0x0000006af1900000)]

Stack: [0x0000006af1800000,0x0000006af1900000]
Native frames: (J=compiled Java code, j=interpreted, Vv=VM code, C=native code)
V  [jvm.dll+0x678b0a]
V  [jvm.dll+0x835e84]
V  [jvm.dll+0x83762e]
V  [jvm.dll+0x837c93]
V  [jvm.dll+0x24746f]
V  [jvm.dll+0x831f1b]
V  [jvm.dll+0x61d3c6]
V  [jvm.dll+0x1c1aae]
V  [jvm.dll+0x61fd21]
V  [jvm.dll+0x61dd66]
V  [jvm.dll+0x36dea2]
V  [jvm.dll+0x1e35ab]
V  [jvm.dll+0x53fbc9]
V  [jvm.dll+0x7b1278]
V  [jvm.dll+0x7b1364]
V  [jvm.dll+0x40ecc5]
V  [jvm.dll+0x414e18]
C  [java.dll+0x17ec]

Java frames: (J=compiled Java code, j=interpreted, Vv=VM code)
J 1075  java.lang.ClassLoader.defineClass1(Ljava/lang/ClassLoader;Ljava/lang/String;[BIILjava/security/ProtectionDomain;Ljava/lang/String;)Ljava/lang/Class; java.base@17.0.8.1 (0 bytes) @ 0x000001bc518c68db [0x000001bc518c6820+0x00000000000000bb]
J 1656 c1 java.lang.ClassLoader.defineClass(Ljava/lang/String;[BIILjava/security/ProtectionDomain;)Ljava/lang/Class; java.base@17.0.8.1 (43 bytes) @ 0x000001bc4a085354 [0x000001bc4a085000+0x0000000000000354]
j  org.eclipse.osgi.internal.loader.ModuleClassLoader.defineClass(Ljava/lang/String;[BLorg/eclipse/osgi/internal/loader/classpath/ClasspathEntry;)Lorg/eclipse/osgi/internal/loader/ModuleClassLoader$DefineClassResult;+42
j  org.eclipse.osgi.internal.loader.classpath.ClasspathManager.defineClass(Ljava/lang/String;[BLorg/eclipse/osgi/internal/loader/classpath/ClasspathEntry;Lorg/eclipse/osgi/storage/bundlefile/BundleEntry;Ljava/util/List;)Ljava/lang/Class;+424
j  org.eclipse.osgi.internal.loader.classpath.ClasspathManager.findClassImpl(Ljava/lang/String;Lorg/eclipse/osgi/internal/loader/classpath/ClasspathEntry;Ljava/util/List;)Ljava/lang/Class;+269
j  org.eclipse.osgi.internal.loader.classpath.ClasspathManager.findLocalClassImpl(Ljava/lang/String;[Lorg/eclipse/osgi/internal/loader/classpath/ClasspathEntry;Ljava/util/List;)Ljava/lang/Class;+30
j  org.eclipse.osgi.internal.loader.classpath.ClasspathManager.findLocalClassImpl(Ljava/lang/String;Ljava/util/List;)Ljava/lang/Class;+69
j  org.eclipse.osgi.internal.loader.classpath.ClasspathManager.findLocalClass(Ljava/lang/String;)Ljava/lang/Class;+113
J 1691 c1 org.eclipse.osgi.internal.loader.BundleLoader.findLocalClass(Ljava/lang/String;)Ljava/lang/Class; (152 bytes) @ 0x000001bc4a0a05ec [0x000001bc4a09fda0+0x000000000000084c]
J 1658 c1 org.eclipse.osgi.internal.loader.BundleLoader.findClass0(Ljava/lang/String;ZZ)Ljava/lang/Class; (466 bytes) @ 0x000001bc4a088604 [0x000001bc4a085f20+0x00000000000026e4]
J 1615 c1 org.eclipse.osgi.internal.loader.BundleLoader.findClass(Ljava/lang/String;)Ljava/lang/Class; (8 bytes) @ 0x000001bc4a07561c [0x000001bc4a0755a0+0x000000000000007c]
J 1616 c1 org.eclipse.osgi.internal.loader.ModuleClassLoader.loadClass(Ljava/lang/String;Z)Ljava/lang/Class; (36 bytes) @ 0x000001bc4a075bbc [0x000001bc4a0759a0+0x000000000000021c]
J 782 c1 java.lang.ClassLoader.loadClass(Ljava/lang/String;)Ljava/lang/Class; java.base@17.0.8.1 (7 bytes) @ 0x000001bc49ed0ebc [0x000001bc49ed0dc0+0x00000000000000fc]
v  ~StubRoutines::call_stub
j  org.eclipse.core.internal.preferences.PreferencesService.initializeDefaultScopes()V+7
j  org.eclipse.core.internal.preferences.PreferencesService.<init>()V+26
j  org.eclipse.core.internal.preferences.PreferencesService.getDefault()Lorg/eclipse/core/internal/preferences/PreferencesService;+10
j  org.eclipse.core.internal.preferences.Activator.start(Lorg/osgi/framework/BundleContext;)V+46
j  org.eclipse.osgi.internal.framework.BundleContextImpl$2.run()Ljava/lang/Void;+23
j  org.eclipse.osgi.internal.framework.BundleContextImpl$2.run()Ljava/lang/Object;+1
J 892 c1 java.security.AccessController.executePrivileged(Ljava/security/PrivilegedExceptionAction;Ljava/security/AccessControlContext;Ljava/lang/Class;)Ljava/lang/Object; java.base@17.0.8.1 (65 bytes) @ 0x000001bc49f06fb4 [0x000001bc49f06e60+0x0000000000000154]
j  java.security.AccessController.doPrivileged(Ljava/security/PrivilegedExceptionAction;)Ljava/lang/Object;+9 java.base@17.0.8.1
j  org.eclipse.osgi.internal.framework.BundleContextImpl.startActivator(Lorg/osgi/framework/BundleActivator;)V+9
j  org.eclipse.osgi.internal.framework.BundleContextImpl.start()V+134
j  org.eclipse.osgi.internal.framework.EquinoxBundle.startWorker0()V+35
j  org.eclipse.osgi.internal.framework.EquinoxBundle$EquinoxModule.startWorker()V+4
j  org.eclipse.osgi.container.Module.doStart([Lorg/eclipse/osgi/container/Module$StartOptions;)Lorg/eclipse/osgi/container/ModuleContainerAdaptor$ModuleEvent;+190
j  org.eclipse.osgi.container.Module.start([Lorg/eclipse/osgi/container/Module$StartOptions;)V+460
j  org.eclipse.osgi.framework.util.SecureAction.start(Lorg/eclipse/osgi/container/Module;[Lorg/eclipse/osgi/container/Module$StartOptions;)V+8
j  org.eclipse.osgi.internal.hooks.EclipseLazyStarter.postFindLocalClass(Ljava/lang/String;Ljava/lang/Class;Lorg/eclipse/osgi/internal/loader/classpath/ClasspathManager;)V+173
j  org.eclipse.osgi.internal.loader.classpath.ClasspathManager.findLocalClass(Ljava/lang/String;)Ljava/lang/Class;+148
j  org.eclipse.osgi.internal.loader.ModuleClassLoader.findLocalClass(Ljava/lang/String;)Ljava/lang/Class;+5
j  org.eclipse.osgi.internal.loader.BundleLoader.findLocalClass(Ljava/lang/String;)Ljava/lang/Class;+57
j  org.eclipse.osgi.internal.loader.sources.SingleSourcePackage.loadClass(Ljava/lang/String;)Ljava/lang/Class;+5
J 1658 c1 org.eclipse.osgi.internal.loader.BundleLoader.findClass0(Ljava/lang/String;ZZ)Ljava/lang/Class; (466 bytes) @ 0x000001bc4a08850c [0x000001bc4a085f20+0x00000000000025ec]
J 1615 c1 org.eclipse.osgi.internal.loader.BundleLoader.findClass(Ljava/lang/String;)Ljava/lang/Class; (8 bytes) @ 0x000001bc4a07561c [0x000001bc4a0755a0+0x000000000000007c]
J 1616 c1 org.eclipse.osgi.internal.loader.ModuleClassLoader.loadClass(Ljava/lang/String;Z)Ljava/lang/Class; (36 bytes) @ 0x000001bc4a075bbc [0x000001bc4a0759a0+0x000000000000021c]
J 782 c1 java.lang.ClassLoader.loadClass(Ljava/lang/String;)Ljava/lang/Class; java.base@17.0.8.1 (7 bytes) @ 0x000001bc49ed0ebc [0x000001bc49ed0dc0+0x00000000000000fc]
v  ~StubRoutines::call_stub
j  java.lang.Class.getDeclaredMethods0(Z)[Ljava/lang/reflect/Method;+0 java.base@17.0.8.1
j  java.lang.Class.privateGetDeclaredMethods(Z)[Ljava/lang/reflect/Method;+34 java.base@17.0.8.1
j  java.lang.Class.getDeclaredMethod(Ljava/lang/String;[Ljava/lang/Class;)Ljava/lang/reflect/Method;+25 java.base@17.0.8.1
j  org.apache.felix.scr.impl.inject.methods.BaseMethod.getMethod(Ljava/lang/Class;Ljava/lang/String;[Ljava/lang/Class;ZZLorg/apache/felix/scr/impl/logger/ComponentLogger;)Ljava/lang/reflect/Method;+3
j  org.apache.felix.scr.impl.inject.methods.BindMethod.getServiceReferenceMethod(Ljava/lang/Class;ZZLorg/apache/felix/scr/impl/logger/ComponentLogger;)Ljava/lang/reflect/Method;+20
j  org.apache.felix.scr.impl.inject.methods.BindMethod.doFindMethod(Ljava/lang/Class;ZZLorg/apache/felix/scr/impl/logger/ComponentLogger;)Lorg/apache/felix/scr/impl/inject/methods/BaseMethod$MethodInfo;+67
j  org.apache.felix.scr.impl.inject.methods.BaseMethod.findMethod(Lorg/apache/felix/scr/impl/logger/ComponentLogger;)Lorg/apache/felix/scr/impl/inject/methods/BaseMethod$MethodInfo;+103
j  org.apache.felix.scr.impl.inject.methods.BaseMethod.access$400(Lorg/apache/felix/scr/impl/inject/methods/BaseMethod;Lorg/apache/felix/scr/impl/logger/ComponentLogger;)Lorg/apache/felix/scr/impl/inject/methods/BaseMethod$MethodInfo;+2
j  org.apache.felix.scr.impl.inject.methods.BaseMethod$NotResolved.resolve(Lorg/apache/felix/scr/impl/inject/methods/BaseMethod;Lorg/apache/felix/scr/impl/logger/ComponentLogger;)V+34
j  org.apache.felix.scr.impl.inject.methods.BaseMethod$NotResolved.methodExists(Lorg/apache/felix/scr/impl/inject/methods/BaseMethod;Lorg/apache/felix/scr/impl/logger/ComponentLogger;)Z+3
j  org.apache.felix.scr.impl.inject.methods.BaseMethod.methodExists(Lorg/apache/felix/scr/impl/logger/ComponentLogger;)Z+6
j  org.apache.felix.scr.impl.inject.methods.BindMethod.getServiceObject(Lorg/apache/felix/scr/impl/inject/BindParameters;Lorg/osgi/framework/BundleContext;)Z+24
j  org.apache.felix.scr.impl.manager.DependencyManager.getServiceObject(Lorg/apache/felix/scr/impl/manager/ComponentContextImpl;Lorg/apache/felix/scr/impl/inject/ReferenceMethod;Lorg/apache/felix/scr/impl/inject/RefPair;)Z+26
j  org.apache.felix.scr.impl.manager.DependencyManager$SingleDynamicCustomizer.prebind(Lorg/apache/felix/scr/impl/manager/ComponentContextImpl;)Z+151
j  org.apache.felix.scr.impl.manager.DependencyManager.prebind(Lorg/apache/felix/scr/impl/manager/ComponentContextImpl;)Z+5
j  org.apache.felix.scr.impl.manager.AbstractComponentManager.collectDependencies(Lorg/apache/felix/scr/impl/manager/ComponentContextImpl;)Z+36
j  org.apache.felix.scr.impl.manager.SingleComponentManager.getServiceInternal(Lorg/osgi/framework/ServiceRegistration;)Z+25
j  org.apache.felix.scr.impl.manager.AbstractComponentManager.activateInternal()V+427
j  org.apache.felix.scr.impl.manager.AbstractComponentManager.enableInternal()V+174
j  org.apache.felix.scr.impl.manager.AbstractComponentManager.enable(Z)Lorg/osgi/util/promise/Promise;+12
j  org.apache.felix.scr.impl.manager.ConfigurableComponentHolder.enableComponents(Z)Lorg/osgi/util/promise/Promise;+275
j  org.apache.felix.scr.impl.BundleComponentActivator.initialEnable()V+105
j  org.apache.felix.scr.impl.Activator.loadComponents(Lorg/osgi/framework/Bundle;)V+380
j  org.apache.felix.scr.impl.Activator.access$200(Lorg/apache/felix/scr/impl/Activator;Lorg/osgi/framework/Bundle;)V+2
j  org.apache.felix.scr.impl.Activator$ScrExtension.start()V+72
j  org.apache.felix.scr.impl.AbstractExtender.createExtension(Lorg/osgi/framework/Bundle;)V+71
j  org.apache.felix.scr.impl.AbstractExtender.modifiedBundle(Lorg/osgi/framework/Bundle;Lorg/osgi/framework/BundleEvent;Lorg/osgi/framework/Bundle;)V+115
j  org.apache.felix.scr.impl.AbstractExtender.addingBundle(Lorg/osgi/framework/Bundle;Lorg/osgi/framework/BundleEvent;)Lorg/osgi/framework/Bundle;+4
j  org.apache.felix.scr.impl.AbstractExtender.addingBundle(Lorg/osgi/framework/Bundle;Lorg/osgi/framework/BundleEvent;)Ljava/lang/Object;+3
j  org.osgi.util.tracker.BundleTracker$Tracked.customizerAdding(Lorg/osgi/framework/Bundle;Lorg/osgi/framework/BundleEvent;)Ljava/lang/Object;+9
j  org.osgi.util.tracker.BundleTracker$Tracked.customizerAdding(Ljava/lang/Object;Ljava/lang/Object;)Ljava/lang/Object;+9
j  org.osgi.util.tracker.AbstractTracked.trackAdding(Ljava/lang/Object;Ljava/lang/Object;)V+8
j  org.osgi.util.tracker.AbstractTracked.track(Ljava/lang/Object;Ljava/lang/Object;)V+83
j  org.osgi.util.tracker.BundleTracker$Tracked.bundleChanged(Lorg/osgi/framework/BundleEvent;)V+35
J 1502 c1 org.eclipse.osgi.internal.framework.BundleContextImpl.dispatchEvent(Ljava/lang/Object;Ljava/lang/Object;ILjava/lang/Object;)V (558 bytes) @ 0x000001bc4a03e9bc [0x000001bc4a03d7a0+0x000000000000121c]
j  org.eclipse.osgi.framework.eventmgr.EventManager.dispatchEvent(Ljava/util/Set;Lorg/eclipse/osgi/framework/eventmgr/EventDispatcher;ILjava/lang/Object;)V+48
j  org.eclipse.osgi.framework.eventmgr.ListenerQueue.dispatchEventSynchronous(ILjava/lang/Object;)V+67
j  org.eclipse.osgi.internal.framework.EquinoxEventPublisher.publishBundleEventPrivileged(Lorg/osgi/framework/BundleEvent;)V+547
j  org.eclipse.osgi.internal.framework.EquinoxEventPublisher.publishBundleEvent(Lorg/osgi/framework/BundleEvent;)V+8
j  org.eclipse.osgi.internal.framework.EquinoxEventPublisher.publishBundleEvent(ILorg/osgi/framework/Bundle;Lorg/osgi/framework/Bundle;)V+15
j  org.eclipse.osgi.internal.framework.EquinoxContainerAdaptor.publishModuleEvent(Lorg/eclipse/osgi/container/ModuleContainerAdaptor$ModuleEvent;Lorg/eclipse/osgi/container/Module;Lorg/eclipse/osgi/container/Module;)V+29
j  org.eclipse.osgi.container.Module.publishEvent(Lorg/eclipse/osgi/container/ModuleContainerAdaptor$ModuleEvent;)V+13
j  org.eclipse.osgi.container.Module.start([Lorg/eclipse/osgi/container/Module$StartOptions;)V+588
j  org.eclipse.osgi.container.ModuleContainer$ContainerStartLevel$2.run()V+71
j  org.eclipse.osgi.internal.framework.EquinoxContainerAdaptor$1$1.execute(Ljava/lang/Runnable;)V+1
j  org.eclipse.osgi.container.ModuleContainer$ContainerStartLevel.incStartLevel(ILjava/util/List;Z)V+192
j  org.eclipse.osgi.container.ModuleContainer$ContainerStartLevel.incStartLevel(ILjava/util/List;Ljava/util/List;Ljava/util/List;Ljava/util/List;)V+4
j  org.eclipse.osgi.container.ModuleContainer$ContainerStartLevel.doContainerStartLevel(Lorg/eclipse/osgi/container/Module;I[Lorg/osgi/framework/FrameworkListener;)V+349
j  org.eclipse.osgi.container.ModuleContainer$ContainerStartLevel.dispatchEvent(Lorg/eclipse/osgi/container/Module;[Lorg/osgi/framework/FrameworkListener;ILjava/lang/Integer;)V+32
j  org.eclipse.osgi.container.ModuleContainer$ContainerStartLevel.dispatchEvent(Ljava/lang/Object;Ljava/lang/Object;ILjava/lang/Object;)V+15
j  org.eclipse.osgi.framework.eventmgr.EventManager.dispatchEvent(Ljava/util/Set;Lorg/eclipse/osgi/framework/eventmgr/EventDispatcher;ILjava/lang/Object;)V+48
j  org.eclipse.osgi.framework.eventmgr.EventManager$EventThread.run()V+26
v  ~StubRoutines::call_stub

---------------  P R O C E S S  ---------------

Threads class SMR info:
_java_thread_list=0x000001bc60e31030, length=17, elements={
0x000001bc4710d950, 0x000001bc471cc270, 0x000001bc471cdb10, 0x000001bc5af524d0,
0x000001bc5af53350, 0x000001bc5af53fd0, 0x000001bc5af559a0, 0x000001bc5af57660,
0x000001bc600200d0, 0x000001bc60022da0, 0x000001bc6010a840, 0x000001bc60281550,
0x000001bc60d42930, 0x000001bc60a82ab0, 0x000001bc60a83900, 0x000001bc60a81b80,
0x000001bc60e2afd0
}

Java Threads: ( => current thread )
  0x000001bc4710d950 JavaThread "main" [_thread_blocked, id=11104, stack(0x0000006af0300000,0x0000006af0400000)]
  0x000001bc471cc270 JavaThread "Reference Handler" daemon [_thread_blocked, id=12012, stack(0x0000006af0600000,0x0000006af0700000)]
  0x000001bc471cdb10 JavaThread "Finalizer" daemon [_thread_blocked, id=5780, stack(0x0000006af0700000,0x0000006af0800000)]
  0x000001bc5af524d0 JavaThread "Signal Dispatcher" daemon [_thread_blocked, id=14064, stack(0x0000006af0800000,0x0000006af0900000)]
  0x000001bc5af53350 JavaThread "Attach Listener" daemon [_thread_blocked, id=7040, stack(0x0000006af0900000,0x0000006af0a00000)]
  0x000001bc5af53fd0 JavaThread "Service Thread" daemon [_thread_blocked, id=8644, stack(0x0000006af0a00000,0x0000006af0b00000)]
  0x000001bc5af559a0 JavaThread "Monitor Deflation Thread" daemon [_thread_blocked, id=1124, stack(0x0000006af0b00000,0x0000006af0c00000)]
  0x000001bc5af57660 JavaThread "C2 CompilerThread0" daemon [_thread_blocked, id=8148, stack(0x0000006af0c00000,0x0000006af0d00000)]
  0x000001bc600200d0 JavaThread "C1 CompilerThread0" daemon [_thread_blocked, id=12416, stack(0x0000006af0d00000,0x0000006af0e00000)]
  0x000001bc60022da0 JavaThread "Sweeper thread" daemon [_thread_blocked, id=14836, stack(0x0000006af0e00000,0x0000006af0f00000)]
  0x000001bc6010a840 JavaThread "Common-Cleaner" daemon [_thread_blocked, id=13016, stack(0x0000006af0f00000,0x0000006af1000000)]
  0x000001bc60281550 JavaThread "Notification Thread" daemon [_thread_blocked, id=7888, stack(0x0000006af1000000,0x0000006af1100000)]
  0x000001bc60d42930 JavaThread "Active Thread: Equinox Container: 8044a809-a854-4b79-90ed-c4e01cf9c1f6" [_thread_blocked, id=5972, stack(0x0000006af1600000,0x0000006af1700000)]
  0x000001bc60a82ab0 JavaThread "Framework Event Dispatcher: Equinox Container: 8044a809-a854-4b79-90ed-c4e01cf9c1f6" daemon [_thread_blocked, id=9620, stack(0x0000006af1700000,0x0000006af1800000)]
=>0x000001bc60a83900 JavaThread "Start Level: Equinox Container: 8044a809-a854-4b79-90ed-c4e01cf9c1f6" daemon [_thread_in_vm, id=14628, stack(0x0000006af1800000,0x0000006af1900000)]
  0x000001bc60a81b80 JavaThread "SCR Component Actor" daemon [_thread_blocked, id=13940, stack(0x0000006af1900000,0x0000006af1a00000)]
  0x000001bc60e2afd0 JavaThread "SCR Component Registry" daemon [_thread_blocked, id=15356, stack(0x0000006af1500000,0x0000006af1600000)]

Other Threads:
  0x000001bc5af1ba80 VMThread "VM Thread" [stack: 0x0000006af0500000,0x0000006af0600000] [id=2408]
  0x000001bc60299430 WatcherThread [stack: 0x0000006af1100000,0x0000006af1200000] [id=5728]
  0x000001bc47125de0 GCTaskThread "GC Thread#0" [stack: 0x0000006af0400000,0x0000006af0500000] [id=13448]
  0x000001bc607fa230 GCTaskThread "GC Thread#1" [stack: 0x0000006af1200000,0x0000006af1300000] [id=7892]
  0x000001bc6099c590 GCTaskThread "GC Thread#2" [stack: 0x0000006af1300000,0x0000006af1400000] [id=11412]
  0x000001bc6099c850 GCTaskThread "GC Thread#3" [stack: 0x0000006af1400000,0x0000006af1500000] [id=15688]

Threads with active compile tasks:

VM state: not at safepoint (normal execution)

VM Mutex/Monitor currently owned by a thread:  ([mutex/lock_event])
[0x000001bc471085e0] Metaspace_lock - owner thread: 0x000001bc60a83900

Heap address: 0x00000000c0000000, size: 1024 MB, Compressed Oops mode: 32-bit

CDS archive(s) not mapped
Compressed class space mapped at: 0x0000000100000000-0x0000000140000000, reserved size: 1073741824
Narrow klass base: 0x0000000000000000, Narrow klass shift: 3, Narrow klass range: 0x140000000

GC Precious Log:
 CPUs: 4 total, 4 available
 Memory: 16289M
 Large Page Support: Disabled
 NUMA Support: Disabled
 Compressed Oops: Enabled (32-bit)
 Alignments: Space 512K, Generation 512K, Heap 2M
 Heap Min Capacity: 100M
 Heap Initial Capacity: 100M
 Heap Max Capacity: 1G
 Pre-touch: Disabled
 Parallel Workers: 4

Heap:
 PSYoungGen      total 29696K, used 11929K [0x00000000eab00000, 0x00000000ecc00000, 0x0000000100000000)
  eden space 25600K, 30% used [0x00000000eab00000,0x00000000eb2a8678,0x00000000ec400000)
  from space 4096K, 99% used [0x00000000ec800000,0x00000000ecbfe118,0x00000000ecc00000)
  to   space 4096K, 0% used [0x00000000ec400000,0x00000000ec400000,0x00000000ec800000)
 ParOldGen       total 68608K, used 714K [0x00000000c0000000, 0x00000000c4300000, 0x00000000eab00000)
  object space 68608K, 1% used [0x00000000c0000000,0x00000000c00b2b70,0x00000000c4300000)
 Metaspace       used 16705K, committed 16896K, reserved 1114112K
  class space    used 1708K, committed 1792K, reserved 1048576K

Card table byte_map: [0x000001bc469c0000,0x000001bc46bd0000] _byte_map_base: 0x000001bc463c0000

Marking Bits: (ParMarkBitMap*) 0x00007ffa766f83a0
 Begin Bits: [0x000001bc58d90000, 0x000001bc59d90000)
 End Bits:   [0x000001bc59d90000, 0x000001bc5ad90000)

Polling page: 0x000001bc44e30000

Metaspace:

Usage:
  Non-class:     14.65 MB used.
      Class:      1.67 MB used.
       Both:     16.31 MB used.

Virtual space:
  Non-class space:       64.00 MB reserved,      14.75 MB ( 23%) committed,  1 nodes.
      Class space:        1.00 GB reserved,       1.75 MB ( <1%) committed,  1 nodes.
             Both:        1.06 GB reserved,      16.50 MB (  2%) committed. 

Chunk freelists:
   Non-Class:  1.25 MB
       Class:  14.25 MB
        Both:  15.50 MB

MaxMetaspaceSize: unlimited
CompressedClassSpaceSize: 1.00 GB
Initial GC threshold: 21.00 MB
Current GC threshold: 21.00 MB
CDS: off
MetaspaceReclaimPolicy: balanced
 - commit_granule_bytes: 65536.
 - commit_granule_words: 8192.
 - virtual_space_node_default_size: 8388608.
 - enlarge_chunks_in_place: 1.
 - new_chunks_are_fully_committed: 0.
 - uncommit_free_chunks: 1.
 - use_allocation_guard: 0.
 - handle_deallocations: 1.


Internal statistics:

num_allocs_failed_limit: 0.
num_arena_births: 114.
num_arena_deaths: 0.
num_vsnodes_births: 2.
num_vsnodes_deaths: 0.
num_space_committed: 264.
num_space_uncommitted: 0.
num_chunks_returned_to_freelist: 0.
num_chunks_taken_from_freelist: 399.
num_chunk_merges: 0.
num_chunk_splits: 265.
num_chunks_enlarged: 196.
num_inconsistent_stats: 0.

CodeHeap 'non-profiled nmethods': size=120000Kb used=701Kb max_used=701Kb free=119298Kb
 bounds [0x000001bc51860000, 0x000001bc51ad0000, 0x000001bc58d90000]
CodeHeap 'profiled nmethods': size=120000Kb used=3186Kb max_used=3186Kb free=116813Kb
 bounds [0x000001bc49d90000, 0x000001bc4a0b0000, 0x000001bc512c0000]
CodeHeap 'non-nmethods': size=5760Kb used=1168Kb max_used=1200Kb free=4591Kb
 bounds [0x000001bc512c0000, 0x000001bc51530000, 0x000001bc51860000]
 total_blobs=2160 nmethods=1698 adapters=376
 compilation: enabled
              stopped_count=0, restarted_count=0
 full_count=0

Compilation events (20 events):
Event: 2.907 Thread 0x000001bc600200d0 nmethod 1689 0x000001bc4a09e910 code [0x000001bc4a09eb80, 0x000001bc4a09f5a8]
Event: 2.907 Thread 0x000001bc5af57660 nmethod 1690 0x000001bc5190f210 code [0x000001bc5190f380, 0x000001bc5190f3f8]
Event: 2.907 Thread 0x000001bc600200d0 1691   !   3       org.eclipse.osgi.internal.loader.BundleLoader::findLocalClass (152 bytes)
Event: 2.909 Thread 0x000001bc600200d0 nmethod 1691 0x000001bc4a09f990 code [0x000001bc4a09fda0, 0x000001bc4a0a1698]
Event: 2.909 Thread 0x000001bc600200d0 1694   !   3       org.eclipse.osgi.internal.loader.BundleLoader::getImportedSources (114 bytes)
Event: 2.910 Thread 0x000001bc600200d0 nmethod 1694 0x000001bc4a0a2110 code [0x000001bc4a0a2380, 0x000001bc4a0a3058]
Event: 2.910 Thread 0x000001bc600200d0 1693   !   3       org.eclipse.osgi.internal.hooks.EclipseLazyStarter::postFindLocalClass (394 bytes)
Event: 2.913 Thread 0x000001bc600200d0 nmethod 1693 0x000001bc4a0a3590 code [0x000001bc4a0a3a60, 0x000001bc4a0a6698]
Event: 2.913 Thread 0x000001bc600200d0 1692       3       org.eclipse.osgi.internal.loader.ModuleClassLoader::findLocalClass (9 bytes)
Event: 2.913 Thread 0x000001bc600200d0 nmethod 1692 0x000001bc4a0a7890 code [0x000001bc4a0a7a40, 0x000001bc4a0a7ba8]
Event: 2.913 Thread 0x000001bc600200d0 1695       3       java.util.Collections$UnmodifiableCollection::isEmpty (10 bytes)
Event: 2.913 Thread 0x000001bc600200d0 nmethod 1695 0x000001bc4a0a7c90 code [0x000001bc4a0a7e40, 0x000001bc4a0a8008]
Event: 2.920 Thread 0x000001bc600200d0 1696       3       org.eclipse.osgi.internal.framework.EquinoxContainer::isBootDelegationPackage (72 bytes)
Event: 2.921 Thread 0x000001bc600200d0 nmethod 1696 0x000001bc4a0a8110 code [0x000001bc4a0a8300, 0x000001bc4a0a87f8]
Event: 2.921 Thread 0x000001bc600200d0 1697   !   3       org.eclipse.osgi.storage.bundlefile.CloseableBundleFile::getEntry (28 bytes)
Event: 2.921 Thread 0x000001bc600200d0 nmethod 1697 0x000001bc4a0a8a10 code [0x000001bc4a0a8c40, 0x000001bc4a0a95d8]
Event: 2.921 Thread 0x000001bc600200d0 1698       3       org.eclipse.osgi.storage.bundlefile.ZipBundleFile::findEntry (62 bytes)
Event: 2.922 Thread 0x000001bc600200d0 nmethod 1698 0x000001bc4a0a9910 code [0x000001bc4a0a9ba0, 0x000001bc4a0aa7c8]
Event: 2.922 Thread 0x000001bc600200d0 1699       3       org.eclipse.osgi.storage.bundlefile.ZipBundleFile::getZipEntry (87 bytes)
Event: 2.923 Thread 0x000001bc600200d0 nmethod 1699 0x000001bc4a0aac10 code [0x000001bc4a0aaf60, 0x000001bc4a0ac408]

GC Heap History (4 events):
Event: 1.578 GC heap before
{Heap before GC invocations=1 (full 0):
 PSYoungGen      total 29696K, used 25600K [0x00000000eab00000, 0x00000000ecc00000, 0x0000000100000000)
  eden space 25600K, 100% used [0x00000000eab00000,0x00000000ec400000,0x00000000ec400000)
  from space 4096K, 0% used [0x00000000ec800000,0x00000000ec800000,0x00000000ecc00000)
  to   space 4096K, 0% used [0x00000000ec400000,0x00000000ec400000,0x00000000ec800000)
 ParOldGen       total 68608K, used 0K [0x00000000c0000000, 0x00000000c4300000, 0x00000000eab00000)
  object space 68608K, 0% used [0x00000000c0000000,0x00000000c0000000,0x00000000c4300000)
 Metaspace       used 11219K, committed 11392K, reserved 1114112K
  class space    used 1124K, committed 1216K, reserved 1048576K
}
Event: 1.590 GC heap after
{Heap after GC invocations=1 (full 0):
 PSYoungGen      total 29696K, used 3219K [0x00000000eab00000, 0x00000000ecc00000, 0x0000000100000000)
  eden space 25600K, 0% used [0x00000000eab00000,0x00000000eab00000,0x00000000ec400000)
  from space 4096K, 78% used [0x00000000ec400000,0x00000000ec724c18,0x00000000ec800000)
  to   space 4096K, 0% used [0x00000000ec800000,0x00000000ec800000,0x00000000ecc00000)
 ParOldGen       total 68608K, used 0K [0x00000000c0000000, 0x00000000c4300000, 0x00000000eab00000)
  object space 68608K, 0% used [0x00000000c0000000,0x00000000c0000000,0x00000000c4300000)
 Metaspace       used 11219K, committed 11392K, reserved 1114112K
  class space    used 1124K, committed 1216K, reserved 1048576K
}
Event: 2.636 GC heap before
{Heap before GC invocations=2 (full 0):
 PSYoungGen      total 29696K, used 28819K [0x00000000eab00000, 0x00000000ecc00000, 0x0000000100000000)
  eden space 25600K, 100% used [0x00000000eab00000,0x00000000ec400000,0x00000000ec400000)
  from space 4096K, 78% used [0x00000000ec400000,0x00000000ec724c18,0x00000000ec800000)
  to   space 4096K, 0% used [0x00000000ec800000,0x00000000ec800000,0x00000000ecc00000)
 ParOldGen       total 68608K, used 0K [0x00000000c0000000, 0x00000000c4300000, 0x00000000eab00000)
  object space 68608K, 0% used [0x00000000c0000000,0x00000000c0000000,0x00000000c4300000)
 Metaspace       used 15309K, committed 15616K, reserved 1114112K
  class space    used 1558K, committed 1728K, reserved 1048576K
}
Event: 2.641 GC heap after
{Heap after GC invocations=2 (full 0):
 PSYoungGen      total 29696K, used 4088K [0x00000000eab00000, 0x00000000ecc00000, 0x0000000100000000)
  eden space 25600K, 0% used [0x00000000eab00000,0x00000000eab00000,0x00000000ec400000)
  from space 4096K, 99% used [0x00000000ec800000,0x00000000ecbfe118,0x00000000ecc00000)
  to   space 4096K, 0% used [0x00000000ec400000,0x00000000ec400000,0x00000000ec800000)
 ParOldGen       total 68608K, used 714K [0x00000000c0000000, 0x00000000c4300000, 0x00000000eab00000)
  object space 68608K, 1% used [0x00000000c0000000,0x00000000c00b2b70,0x00000000c4300000)
 Metaspace       used 15309K, committed 15616K, reserved 1114112K
  class space    used 1558K, committed 1728K, reserved 1048576K
}

Dll operation events (9 events):
Event: 0.046 Loaded shared library c:\Users\Kamaldeep\.vscode\extensions\redhat.java-1.24.0-win32-x64\jre\17.0.8.1-win32-x86_64\bin\java.dll
Event: 0.366 Loaded shared library c:\Users\Kamaldeep\.vscode\extensions\redhat.java-1.24.0-win32-x64\jre\17.0.8.1-win32-x86_64\bin\zip.dll
Event: 0.370 Loaded shared library C:\Users\Kamaldeep\.vscode\extensions\redhat.java-1.24.0-win32-x64\jre\17.0.8.1-win32-x86_64\bin\instrument.dll
Event: 0.386 Loaded shared library C:\Users\Kamaldeep\.vscode\extensions\redhat.java-1.24.0-win32-x64\jre\17.0.8.1-win32-x86_64\bin\net.dll
Event: 0.388 Loaded shared library C:\Users\Kamaldeep\.vscode\extensions\redhat.java-1.24.0-win32-x64\jre\17.0.8.1-win32-x86_64\bin\nio.dll
Event: 0.396 Loaded shared library C:\Users\Kamaldeep\.vscode\extensions\redhat.java-1.24.0-win32-x64\jre\17.0.8.1-win32-x86_64\bin\zip.dll
Event: 0.428 Loaded shared library C:\Users\Kamaldeep\.vscode\extensions\redhat.java-1.24.0-win32-x64\jre\17.0.8.1-win32-x86_64\bin\jimage.dll
Event: 0.546 Loaded shared library c:\Users\Kamaldeep\.vscode\extensions\redhat.java-1.24.0-win32-x64\jre\17.0.8.1-win32-x86_64\bin\verify.dll
Event: 2.403 Loaded shared library C:\Users\Kamaldeep\AppData\Roaming\Code\User\globalStorage\redhat.java\1.24.0\config_ss_win\org.eclipse.equinox.launcher\org.eclipse.equinox.launcher.win32.win32.x86_64_1.2.700.v20221108-1024\eclipse_11801.dll

Deoptimization events (20 events):
Event: 2.162 Thread 0x000001bc4710d950 Uncommon trap: trap_request=0xffffffde fr.pc=0x000001bc518d5d78 relative=0x0000000000000938
Event: 2.162 Thread 0x000001bc4710d950 Uncommon trap: reason=class_check action=maybe_recompile pc=0x000001bc518d5d78 method=java.util.HashMap.putVal(ILjava/lang/Object;Ljava/lang/Object;ZZ)Ljava/lang/Object; @ 253 c2
Event: 2.162 Thread 0x000001bc4710d950 DEOPT PACKING pc=0x000001bc518d5d78 sp=0x0000006af03fdf20
Event: 2.162 Thread 0x000001bc4710d950 DEOPT UNPACKING pc=0x000001bc513166a3 sp=0x0000006af03fdea0 mode 2
Event: 2.164 Thread 0x000001bc4710d950 Uncommon trap: trap_request=0xffffffde fr.pc=0x000001bc518d5d78 relative=0x0000000000000938
Event: 2.164 Thread 0x000001bc4710d950 Uncommon trap: reason=class_check action=maybe_recompile pc=0x000001bc518d5d78 method=java.util.HashMap.putVal(ILjava/lang/Object;Ljava/lang/Object;ZZ)Ljava/lang/Object; @ 253 c2
Event: 2.164 Thread 0x000001bc4710d950 DEOPT PACKING pc=0x000001bc518d5d78 sp=0x0000006af03fdf20
Event: 2.164 Thread 0x000001bc4710d950 DEOPT UNPACKING pc=0x000001bc513166a3 sp=0x0000006af03fdea0 mode 2
Event: 2.774 Thread 0x000001bc60a83900 Uncommon trap: trap_request=0xffffff45 fr.pc=0x000001bc5189939c relative=0x00000000000001dc
Event: 2.774 Thread 0x000001bc60a83900 Uncommon trap: reason=unstable_if action=reinterpret pc=0x000001bc5189939c method=java.lang.invoke.VarHandle.checkExactAccessMode(Ljava/lang/invoke/VarHandle$AccessDescriptor;)V @ 4 c2
Event: 2.774 Thread 0x000001bc60a83900 DEOPT PACKING pc=0x000001bc5189939c sp=0x0000006af18fd8a0
Event: 2.774 Thread 0x000001bc60a83900 DEOPT UNPACKING pc=0x000001bc513166a3 sp=0x0000006af18fd7f0 mode 2
Event: 2.829 Thread 0x000001bc60a83900 Uncommon trap: trap_request=0xffffff45 fr.pc=0x000001bc518f955c relative=0x0000000000001f3c
Event: 2.829 Thread 0x000001bc60a83900 Uncommon trap: reason=unstable_if action=reinterpret pc=0x000001bc518f955c method=java.io.WinNTFileSystem.normalize(Ljava/lang/String;II)Ljava/lang/String; @ 100 c2
Event: 2.829 Thread 0x000001bc60a83900 DEOPT PACKING pc=0x000001bc518f955c sp=0x0000006af18f9230
Event: 2.829 Thread 0x000001bc60a83900 DEOPT UNPACKING pc=0x000001bc513166a3 sp=0x0000006af18f9170 mode 2
Event: 2.904 Thread 0x000001bc60a83900 Uncommon trap: trap_request=0xffffff45 fr.pc=0x000001bc519005a4 relative=0x0000000000000b84
Event: 2.904 Thread 0x000001bc60a83900 Uncommon trap: reason=unstable_if action=reinterpret pc=0x000001bc519005a4 method=java.util.concurrent.ConcurrentHashMap.putVal(Ljava/lang/Object;Ljava/lang/Object;Z)Ljava/lang/Object; @ 148 c2
Event: 2.904 Thread 0x000001bc60a83900 DEOPT PACKING pc=0x000001bc519005a4 sp=0x0000006af18fbd50
Event: 2.904 Thread 0x000001bc60a83900 DEOPT UNPACKING pc=0x000001bc513166a3 sp=0x0000006af18fbcd0 mode 2

Classes unloaded (0 events):
No events

Classes redefined (0 events):
No events

Internal exceptions (20 events):
Event: 0.938 Thread 0x000001bc4710d950 Exception <a 'java/io/FileNotFoundException'{0x00000000eb7ef270}> (0x00000000eb7ef270) 
thrown [s\src\hotspot\share\prims\jni.cpp, line 516]
Event: 0.946 Thread 0x000001bc4710d950 Exception <a 'java/io/FileNotFoundException'{0x00000000eb829d00}> (0x00000000eb829d00) 
thrown [s\src\hotspot\share\prims\jni.cpp, line 516]
Event: 1.341 Thread 0x000001bc4710d950 Exception <a 'java/lang/ClassNotFoundException'{0x00000000ec031530}: sun/net/www/protocol/c/Handler> (0x00000000ec031530) 
thrown [s\src\hotspot\share\classfile\systemDictionary.cpp, line 256]
Event: 1.341 Thread 0x000001bc4710d950 Exception <a 'java/lang/ClassNotFoundException'{0x00000000ec032890}: sun/net/www/protocol/c/Handler> (0x00000000ec032890) 
thrown [s\src\hotspot\share\classfile\systemDictionary.cpp, line 256]
Event: 1.341 Thread 0x000001bc4710d950 Exception <a 'java/lang/ClassNotFoundException'{0x00000000ec033a30}: sun/net/www/protocol/c/Handler> (0x00000000ec033a30) 
thrown [s\src\hotspot\share\classfile\systemDictionary.cpp, line 256]
Event: 1.351 Thread 0x000001bc4710d950 Exception <a 'java/io/FileNotFoundException'{0x00000000ec0529b8}> (0x00000000ec0529b8) 
thrown [s\src\hotspot\share\prims\jni.cpp, line 516]
Event: 1.411 Thread 0x000001bc4710d950 Implicit null exception at 0x000001bc518b68fb to 0x000001bc518b7320
Event: 1.411 Thread 0x000001bc4710d950 Implicit null exception at 0x000001bc518aee6c to 0x000001bc518af050
Event: 1.411 Thread 0x000001bc4710d950 Implicit null exception at 0x000001bc518a2091 to 0x000001bc518a22c4
Event: 1.411 Thread 0x000001bc4710d950 Implicit null exception at 0x000001bc51892e0f to 0x000001bc51892e85
Event: 1.506 Thread 0x000001bc4710d950 Exception <a 'java/lang/NoSuchMethodError'{0x00000000ec320400}: 'int java.lang.invoke.DirectMethodHandle$Holder.invokeStaticInit(java.lang.Object, java.lang.Object, java.lang.Object, java.lang.Object)'> (0x00000000ec320400) 
thrown [s\src\hotspot\share\interpreter\linkResolver.cpp, line 759]
Event: 1.536 Thread 0x000001bc4710d950 Exception <a 'java/lang/NoSuchMethodError'{0x00000000ec32aa70}: 'java.lang.Object java.lang.invoke.DirectMethodHandle$Holder.invokeInterface(java.lang.Object, java.lang.Object)'> (0x00000000ec32aa70) 
thrown [s\src\hotspot\share\interpreter\linkResolver.cpp, line 759]
Event: 1.536 Thread 0x000001bc4710d950 Exception <a 'java/lang/IncompatibleClassChangeError'{0x00000000ec32e268}: Found class java.lang.Object, but interface was expected> (0x00000000ec32e268) 
thrown [s\src\hotspot\share\interpreter\linkResolver.cpp, line 826]
Event: 1.537 Thread 0x000001bc4710d950 Exception <a 'java/lang/NoSuchMethodError'{0x00000000ec332760}: 'void java.lang.invoke.DirectMethodHandle$Holder.invokeStatic(java.lang.Object, java.lang.Object)'> (0x00000000ec332760) 
thrown [s\src\hotspot\share\interpreter\linkResolver.cpp, line 759]
Event: 1.538 Thread 0x000001bc4710d950 Exception <a 'java/lang/NoSuchMethodError'{0x00000000ec335f60}: 'void java.lang.invoke.DirectMethodHandle$Holder.invokeStaticInit(java.lang.Object, java.lang.Object)'> (0x00000000ec335f60) 
thrown [s\src\hotspot\share\interpreter\linkResolver.cpp, line 759]
Event: 1.539 Thread 0x000001bc4710d950 Exception <a 'java/lang/NoSuchMethodError'{0x00000000ec33d378}: 'int java.lang.invoke.DirectMethodHandle$Holder.invokeStaticInit(java.lang.Object, java.lang.Object)'> (0x00000000ec33d378) 
thrown [s\src\hotspot\share\interpreter\linkResolver.cpp, line 759]
Event: 1.607 Thread 0x000001bc4710d950 Exception <a 'java/lang/NoSuchMethodError'{0x00000000eab648e0}: 'void java.lang.invoke.DirectMethodHandle$Holder.invokeSpecial(java.lang.Object, java.lang.Object, java.lang.Object)'> (0x00000000eab648e0) 
thrown [s\src\hotspot\share\interpreter\linkResolver.cpp, line 759]
Event: 2.139 Thread 0x000001bc4710d950 Exception <a 'java/lang/NoSuchMethodError'{0x00000000eb7f08a8}: 'java.lang.Object java.lang.invoke.DirectMethodHandle$Holder.newInvokeSpecial(java.lang.Object, int, java.lang.Object)'> (0x00000000eb7f08a8) 
thrown [s\src\hotspot\share\interpreter\linkResolver.cpp, line 759]
Event: 2.386 Thread 0x000001bc4710d950 Exception <a 'java/lang/UnsatisfiedLinkError'{0x00000000ebd27fb0}: 'void org.eclipse.equinox.launcher.JNIBridge._update_splash()'> (0x00000000ebd27fb0) 
thrown [s\src\hotspot\share\prims\nativeLookup.cpp, line 543]
Event: 2.466 Thread 0x000001bc60a83900 Exception <a 'java/lang/NoSuchMethodError'{0x00000000ebfd84f0}: 'java.lang.Object java.lang.invoke.DirectMethodHandle$Holder.invokeStaticInit(java.lang.Object)'> (0x00000000ebfd84f0) 
thrown [s\src\hotspot\share\interpreter\linkResolver.cpp, line 759]

VM Operations (20 events):
Event: 0.922 Executing VM operation: HandshakeAllThreads
Event: 0.922 Executing VM operation: HandshakeAllThreads done
Event: 1.310 Executing VM operation: ICBufferFull
Event: 1.310 Executing VM operation: ICBufferFull done
Event: 1.313 Executing VM operation: HandshakeAllThreads
Event: 1.313 Executing VM operation: HandshakeAllThreads done
Event: 1.578 Executing VM operation: ParallelGCFailedAllocation
Event: 1.590 Executing VM operation: ParallelGCFailedAllocation done
Event: 2.084 Executing VM operation: HandshakeAllThreads
Event: 2.085 Executing VM operation: HandshakeAllThreads done
Event: 2.085 Executing VM operation: HandshakeAllThreads
Event: 2.085 Executing VM operation: HandshakeAllThreads done
Event: 2.100 Executing VM operation: HandshakeAllThreads
Event: 2.100 Executing VM operation: HandshakeAllThreads done
Event: 2.114 Executing VM operation: HandshakeAllThreads
Event: 2.114 Executing VM operation: HandshakeAllThreads done
Event: 2.515 Executing VM operation: HandshakeAllThreads
Event: 2.515 Executing VM operation: HandshakeAllThreads done
Event: 2.636 Executing VM operation: ParallelGCFailedAllocation
Event: 2.641 Executing VM operation: ParallelGCFailedAllocation done

Events (20 events):
Event: 2.670 loading class java/util/concurrent/CompletionStage done
Event: 2.672 loading class java/util/Timer
Event: 2.672 loading class java/util/Timer done
Event: 2.672 loading class java/util/TaskQueue
Event: 2.672 loading class java/util/TaskQueue done
Event: 2.672 loading class java/util/TimerThread
Event: 2.672 loading class java/util/TimerThread done
Event: 2.673 loading class java/util/Timer$ThreadReaper
Event: 2.673 loading class java/util/Timer$ThreadReaper done
Event: 2.673 Thread 0x000001bc60e2afd0 Thread added: 0x000001bc60e2afd0
Event: 2.757 loading class java/util/concurrent/locks/ReentrantLock$FairSync
Event: 2.758 loading class java/util/concurrent/locks/ReentrantLock$FairSync done
Event: 2.760 loading class java/util/Collections$ReverseComparator
Event: 2.760 loading class java/util/Collections$ReverseComparator done
Event: 2.880 loading class java/lang/CloneNotSupportedException
Event: 2.880 loading class java/lang/CloneNotSupportedException done
Event: 2.900 loading class java/util/TreeMap$Values
Event: 2.900 loading class java/util/TreeMap$Values done
Event: 2.900 loading class java/util/TreeMap$ValueIterator
Event: 2.900 loading class java/util/TreeMap$ValueIterator done


Dynamic libraries:
0x00007ff794430000 - 0x00007ff79443e000 	c:\Users\Kamaldeep\.vscode\extensions\redhat.java-1.24.0-win32-x64\jre\17.0.8.1-win32-x86_64\bin\java.exe
0x00007ffad75b0000 - 0x00007ffad77a8000 	C:\WINDOWS\SYSTEM32\ntdll.dll
0x00007ffad5a40000 - 0x00007ffad5afd000 	C:\WINDOWS\System32\KERNEL32.DLL
0x00007ffad4fa0000 - 0x00007ffad5296000 	C:\WINDOWS\System32\KERNELBASE.dll
0x00007ffad5510000 - 0x00007ffad5610000 	C:\WINDOWS\System32\ucrtbase.dll
0x00007ffac0ab0000 - 0x00007ffac0ac7000 	c:\Users\Kamaldeep\.vscode\extensions\redhat.java-1.24.0-win32-x64\jre\17.0.8.1-win32-x86_64\bin\jli.dll
0x00007ffad6f20000 - 0x00007ffad70be000 	C:\WINDOWS\System32\USER32.dll
0x00007ffad4dc0000 - 0x00007ffad4de2000 	C:\WINDOWS\System32\win32u.dll
0x00007ffad63d0000 - 0x00007ffad63fc000 	C:\WINDOWS\System32\GDI32.dll
0x00007ffad4df0000 - 0x00007ffad4f0a000 	C:\WINDOWS\System32\gdi32full.dll
0x00007ffad52a0000 - 0x00007ffad533d000 	C:\WINDOWS\System32\msvcp_win.dll
0x00007ffac09a0000 - 0x00007ffac09b9000 	c:\Users\Kamaldeep\.vscode\extensions\redhat.java-1.24.0-win32-x64\jre\17.0.8.1-win32-x86_64\bin\VCRUNTIME140.dll
0x00007ffac8bc0000 - 0x00007ffac8e5a000 	C:\WINDOWS\WinSxS\amd64_microsoft.windows.common-controls_6595b64144ccf1df_6.0.19041.3636_none_60b6a03d71f818d5\COMCTL32.dll
0x00007ffad5ec0000 - 0x00007ffad5f5e000 	C:\WINDOWS\System32\msvcrt.dll
0x00007ffad7270000 - 0x00007ffad72a0000 	C:\WINDOWS\System32\IMM32.DLL
0x00007ffacf660000 - 0x00007ffacf66c000 	c:\Users\Kamaldeep\.vscode\extensions\redhat.java-1.24.0-win32-x64\jre\17.0.8.1-win32-x86_64\bin\vcruntime140_1.dll
0x00007ffa9f3c0000 - 0x00007ffa9f451000 	c:\Users\Kamaldeep\.vscode\extensions\redhat.java-1.24.0-win32-x64\jre\17.0.8.1-win32-x86_64\bin\msvcp140.dll
0x00007ffa75b70000 - 0x00007ffa767bc000 	c:\Users\Kamaldeep\.vscode\extensions\redhat.java-1.24.0-win32-x64\jre\17.0.8.1-win32-x86_64\bin\server\jvm.dll
0x00007ffad7160000 - 0x00007ffad720f000 	C:\WINDOWS\System32\ADVAPI32.dll
0x00007ffad70c0000 - 0x00007ffad715c000 	C:\WINDOWS\System32\sechost.dll
0x00007ffad7300000 - 0x00007ffad7426000 	C:\WINDOWS\System32\RPCRT4.dll
0x00007ffad41f0000 - 0x00007ffad423b000 	C:\WINDOWS\SYSTEM32\POWRPROF.dll
0x00007ffad2310000 - 0x00007ffad2319000 	C:\WINDOWS\SYSTEM32\WSOCK32.dll
0x00007ffad5c80000 - 0x00007ffad5ceb000 	C:\WINDOWS\System32\WS2_32.dll
0x00007ffaca7f0000 - 0x00007ffaca817000 	C:\WINDOWS\SYSTEM32\WINMM.dll
0x00007ffaca7e0000 - 0x00007ffaca7ea000 	C:\WINDOWS\SYSTEM32\VERSION.dll
0x00007ffad40b0000 - 0x00007ffad40c2000 	C:\WINDOWS\SYSTEM32\UMPDC.dll
0x00007ffad3530000 - 0x00007ffad3542000 	C:\WINDOWS\SYSTEM32\kernel.appcore.dll
0x00007ffacdfd0000 - 0x00007ffacdfda000 	c:\Users\Kamaldeep\.vscode\extensions\redhat.java-1.24.0-win32-x64\jre\17.0.8.1-win32-x86_64\bin\jimage.dll
0x00007ffabc750000 - 0x00007ffabc934000 	C:\WINDOWS\SYSTEM32\DBGHELP.DLL
0x00007ffabc710000 - 0x00007ffabc744000 	C:\WINDOWS\SYSTEM32\dbgcore.DLL
0x00007ffad4f10000 - 0x00007ffad4f92000 	C:\WINDOWS\System32\bcryptPrimitives.dll
0x00007ffad0f30000 - 0x00007ffad0f3e000 	c:\Users\Kamaldeep\.vscode\extensions\redhat.java-1.24.0-win32-x64\jre\17.0.8.1-win32-x86_64\bin\instrument.dll
0x00007ffabf850000 - 0x00007ffabf875000 	c:\Users\Kamaldeep\.vscode\extensions\redhat.java-1.24.0-win32-x64\jre\17.0.8.1-win32-x86_64\bin\java.dll
0x00007ffac0980000 - 0x00007ffac0998000 	c:\Users\Kamaldeep\.vscode\extensions\redhat.java-1.24.0-win32-x64\jre\17.0.8.1-win32-x86_64\bin\zip.dll
0x00007ffad6400000 - 0x00007ffad6b44000 	C:\WINDOWS\System32\SHELL32.dll
0x00007ffad2c60000 - 0x00007ffad33fb000 	C:\WINDOWS\SYSTEM32\windows.storage.dll
0x00007ffad6bc0000 - 0x00007ffad6f14000 	C:\WINDOWS\System32\combase.dll
0x00007ffad46d0000 - 0x00007ffad46fd000 	C:\WINDOWS\SYSTEM32\Wldp.dll
0x00007ffad5cf0000 - 0x00007ffad5d9d000 	C:\WINDOWS\System32\SHCORE.dll
0x00007ffad7430000 - 0x00007ffad7485000 	C:\WINDOWS\System32\shlwapi.dll
0x00007ffad4bc0000 - 0x00007ffad4be5000 	C:\WINDOWS\SYSTEM32\profapi.dll
0x00007ffabfd50000 - 0x00007ffabfd69000 	C:\Users\Kamaldeep\.vscode\extensions\redhat.java-1.24.0-win32-x64\jre\17.0.8.1-win32-x86_64\bin\net.dll
0x00007ffacbe10000 - 0x00007ffacbf1a000 	C:\WINDOWS\SYSTEM32\WINHTTP.dll
0x00007ffad4430000 - 0x00007ffad449a000 	C:\WINDOWS\system32\mswsock.dll
0x00007ffabe820000 - 0x00007ffabe835000 	C:\Users\Kamaldeep\.vscode\extensions\redhat.java-1.24.0-win32-x64\jre\17.0.8.1-win32-x86_64\bin\nio.dll
0x00007ffaccf30000 - 0x00007ffaccf40000 	c:\Users\Kamaldeep\.vscode\extensions\redhat.java-1.24.0-win32-x64\jre\17.0.8.1-win32-x86_64\bin\verify.dll
0x00007ffacd2f0000 - 0x00007ffacd32e000 	C:\Users\Kamaldeep\AppData\Roaming\Code\User\globalStorage\redhat.java\1.24.0\config_ss_win\org.eclipse.equinox.launcher\org.eclipse.equinox.launcher.win32.win32.x86_64_1.2.700.v20221108-1024\eclipse_11801.dll
0x00007ffad5760000 - 0x00007ffad588b000 	C:\WINDOWS\System32\ole32.dll

dbghelp: loaded successfully - version: 4.0.5 - missing functions: none
symbol engine: initialized successfully - sym options: 0x614 - pdb path: .;c:\Users\Kamaldeep\.vscode\extensions\redhat.java-1.24.0-win32-x64\jre\17.0.8.1-win32-x86_64\bin;C:\WINDOWS\SYSTEM32;C:\WINDOWS\WinSxS\amd64_microsoft.windows.common-controls_6595b64144ccf1df_6.0.19041.3636_none_60b6a03d71f818d5;c:\Users\Kamaldeep\.vscode\extensions\redhat.java-1.24.0-win32-x64\jre\17.0.8.1-win32-x86_64\bin\server;C:\Users\Kamaldeep\AppData\Roaming\Code\User\globalStorage\redhat.java\1.24.0\config_ss_win\org.eclipse.equinox.launcher\org.eclipse.equinox.launcher.win32.win32.x86_64_1.2.700.v20221108-1024

VM Arguments:
jvm_args: --add-modules=ALL-SYSTEM --add-opens=java.base/java.util=ALL-UNNAMED --add-opens=java.base/java.lang=ALL-UNNAMED --add-opens=java.base/sun.nio.fs=ALL-UNNAMED -Declipse.application=org.eclipse.jdt.ls.core.id1 -Dosgi.bundles.defaultStartLevel=4 -Declipse.product=org.eclipse.jdt.ls.core.product -Djava.import.generatesMetadataFilesAtProjectRoot=false -DDetectVMInstallationsJob.disabled=true -Dfile.encoding=utf8 -XX:+UseParallelGC -XX:GCTimeRatio=4 -XX:AdaptiveSizePolicyWeight=90 -Dsun.zip.disableMemoryMapping=true -Xmx1G -Xms100m -Xlog:disable -javaagent:c:\Users\Kamaldeep\.vscode\extensions\redhat.java-1.24.0-win32-x64\lombok\lombok-1.18.30.jar 
java_command: c:\Users\Kamaldeep\.vscode\extensions\redhat.java-1.24.0-win32-x64\server\plugins\org.eclipse.equinox.launcher_1.6.500.v20230717-2134.jar -configuration c:\Users\Kamaldeep\AppData\Roaming\Code\User\globalStorage\redhat.java\1.24.0\config_ss_win -data c:\Users\Kamaldeep\AppData\Roaming\Code\User\workspaceStorage\7a84c72fcfc3e054c395fb77f0bf97e7\redhat.java\ss_ws --stdio
java_class_path (initial): c:\Users\Kamaldeep\.vscode\extensions\redhat.java-1.24.0-win32-x64\server\plugins\org.eclipse.equinox.launcher_1.6.500.v20230717-2134.jar
Launcher Type: SUN_STANDARD

[Global flags]
    uintx AdaptiveSizePolicyWeight                 = 90                                        {product} {command line}
     intx CICompilerCount                          = 3                                         {product} {ergonomic}
    uintx GCTimeRatio                              = 4                                         {product} {command line}
   size_t InitialHeapSize                          = 104857600                                 {product} {command line}
   size_t MaxHeapSize                              = 1073741824                                {product} {command line}
   size_t MaxNewSize                               = 357564416                                 {product} {ergonomic}
   size_t MinHeapDeltaBytes                        = 524288                                    {product} {ergonomic}
   size_t MinHeapSize                              = 104857600                                 {product} {command line}
   size_t NewSize                                  = 34603008                                  {product} {ergonomic}
    uintx NonNMethodCodeHeapSize                   = 5832780                                {pd product} {ergonomic}
    uintx NonProfiledCodeHeapSize                  = 122912730                              {pd product} {ergonomic}
   size_t OldSize                                  = 70254592                                  {product} {ergonomic}
    uintx ProfiledCodeHeapSize                     = 122912730                              {pd product} {ergonomic}
    uintx ReservedCodeCacheSize                    = 251658240                              {pd product} {ergonomic}
     bool SegmentedCodeCache                       = true                                      {product} {ergonomic}
   size_t SoftMaxHeapSize                          = 1073741824                             {manageable} {ergonomic}
     bool UseCompressedClassPointers               = true                           {product lp64_product} {ergonomic}
     bool UseCompressedOops                        = true                           {product lp64_product} {ergonomic}
     bool UseLargePagesIndividualAllocation        = false                                  {pd product} {ergonomic}
     bool UseParallelGC                            = true                                      {product} {command line}

Logging:
Log output configuration:
 #0: stdout all=off uptime,level,tags
 #1: stderr all=off uptime,level,tags

Environment Variables:
JAVA_HOME=C:\Program Files\Microsoft\jdk-11.0.20.8-hotspot\
PATH=C:\Program Files\Microsoft\jdk-11.0.20.8-hotspot\bin;C:\Program Files (x86)\Intel\iCLS Client\;C:\Program Files\Intel\iCLS Client\;C:\Program Files (x86)\Common Files\Oracle\Java\javapath;C:\Program Files\OpenJDK\jdk-8.0.262.10-hotspot\bin;C:\WINDOWS\system32;C:\WINDOWS;C:\WINDOWS\System32\Wbem;C:\WINDOWS\System32\WindowsPowerShell\v1.0\;C:\WINDOWS\System32\OpenSSH\;C:\Program Files\Microsoft\jdk-11.0.20.8-hotspot\\bin;C:\Users\Dev.DESKTOP-0NKJGF3\AppData\Local\Android\Sdk\platform-tools;C:\Users\Dev.DESKTOP-0NKJGF3\AppData\Local\Android\Sdk\tools;C:\Program Files\dotnet\;C:\Program Files (x86)\Intel\Intel(R) Management Engine Components\DAL;C:\Program Files\Intel\Intel(R) Management Engine Components\DAL;C:\Program Files (x86)\Intel\Intel(R) Management Engine Components\IPT;C:\Program Files\Intel\Intel(R) Management Engine Components\IPT;C:\Program Files\Git\cmd;C:\xampp\php;C:\composer;C:\ProgramData\chocolatey\bin;C:\Gradle\gradle-8.4\bin;C:\Users\Kamaldeep\AppData\Roaming\nvm;C:\Program Files\nodejs;C:\Users\Kamaldeep\AppData\Local\Android\Sdk\platform-tools;C:\Users\Kamaldeep\AppData\Local\Android\Sdk\tools;C:\Users\Kamaldeep\AppData\Local\Microsoft\WindowsApps;C:\Users\Kamaldeep\AppData\Local\Programs\Microsoft VS Code\bin;C:\Users\Kamaldeep\AppData\Local\Android\Sdk;C:\Users\Kamaldeep\AppData\Local\Android\Sdk\platform-tools;C:\Users\Kamaldeep\AppData\Roaming\nvm;C:\Program Files\nodejs
USERNAME=Kamaldeep
OS=Windows_NT
PROCESSOR_IDENTIFIER=Intel64 Family 6 Model 60 Stepping 3, GenuineIntel
TMP=C:\Users\KAMALD~1\AppData\Local\Temp
TEMP=C:\Users\KAMALD~1\AppData\Local\Temp



---------------  S Y S T E M  ---------------

OS:
 Windows 10 , 64 bit Build 19041 (10.0.19041.3636)
OS uptime: 0 days 18:47 hours

CPU: total 4 (initial active 4) (2 cores per cpu, 2 threads per core) family 6 model 60 stepping 3 microcode 0x27, cx8, cmov, fxsr, ht, mmx, sse, sse2, sse3, ssse3, sse4.1, sse4.2, popcnt, lzcnt, tsc, tscinvbit, avx, avx2, aes, erms, clmul, bmi1, bmi2, fma, vzeroupper, clflush
Processor Information for all 4 processors :
  Max Mhz: 3001, Current Mhz: 3001, Mhz Limit: 3001

Memory: 4k page, system-wide physical 16289M (1966M free)
TotalPageFile size 16289M (AvailPageFile size 2M)
current process WorkingSet (physical memory assigned to process): 91M, peak: 91M
current process commit charge ("private bytes"): 195M, peak: 195M

vm_info: OpenJDK 64-Bit Server VM (17.0.8.1+1) for windows-amd64 JRE (17.0.8.1+1), built on Aug 23 2023 15:29:17 by "admin" with MS VC++ 16.7 (VS2019)

END.
